This file contains any messages produced by compilers while
running configure, to aid debugging if configure makes a mistake.

It was created by freedom-metal configure v0.1.2, which was
generated by GNU Autoconf 2.69.  Invocation command line was

  $ /home/yon/wsFreedomStudio/GiveMe5/freedom-metal/configure --host=riscv64-unknown-elf --prefix=/home/yon/wsFreedomStudio/GiveMe5/bsp/install --libdir=/home/yon/wsFreedomStudio/GiveMe5/bsp/install/lib/debug --disable-maintainer-mode --with-preconfigured --with-machine-name=sifive-hifive1-revb --with-machine-header=/home/yon/wsFreedomStudio/GiveMe5/bsp/metal.h --with-machine-inline=/home/yon/wsFreedomStudio/GiveMe5/bsp/metal-inline.h --with-platform-header=/home/yon/wsFreedomStudio/GiveMe5/bsp/metal-platform.h --with-machine-ldscript=/home/yon/wsFreedomStudio/GiveMe5/bsp/metal.default.lds --with-builtin-libgloss

## --------- ##
## Platform. ##
## --------- ##

hostname = fedora
uname -m = x86_64
uname -r = 6.4.11-200.fc38.x86_64
uname -s = Linux
uname -v = #1 SMP PREEMPT_DYNAMIC Wed Aug 16 17:42:12 UTC 2023

/usr/bin/uname -p = unknown
/bin/uname -X     = unknown

/bin/arch              = x86_64
/usr/bin/arch -k       = unknown
/usr/convex/getsysinfo = unknown
/usr/bin/hostinfo      = unknown
/bin/machine           = unknown
/usr/bin/oslevel       = unknown
/bin/universe          = unknown

PATH: /home/yon/Downloads/FreedomStudio-2019-08-2-lin64/SiFive/riscv64-unknown-elf-gcc-8.3.0-2019.08.0/bin
PATH: /home/yon/Downloads/FreedomStudio-2019-08-2-lin64/SiFive/sdk-utilities-0.0.0-2019.08.0
PATH: /home/yon/Downloads/FreedomStudio-2019-08-2-lin64/SiFive/riscv64-unknown-elf-gcc-8.3.0-2019.08.0/bin
PATH: /home/yon/.local/bin
PATH: /usr/local/bin
PATH: /usr/local/sbin
PATH: /usr/bin
PATH: /usr/sbin


## ----------- ##
## Core tests. ##
## ----------- ##

configure:1946: checking for a BSD-compatible install
configure:2014: result: /usr/bin/install -c
configure:2025: checking whether build environment is sane
configure:2080: result: yes
configure:2139: checking for riscv64-unknown-elf-strip
configure:2155: found /home/yon/Downloads/FreedomStudio-2019-08-2-lin64/SiFive/riscv64-unknown-elf-gcc-8.3.0-2019.08.0/bin/riscv64-unknown-elf-strip
configure:2166: result: riscv64-unknown-elf-strip
configure:2231: checking for a thread-safe mkdir -p
configure:2270: result: /usr/bin/mkdir -p
configure:2277: checking for gawk
configure:2293: found /usr/bin/gawk
configure:2304: result: gawk
configure:2315: checking whether make sets $(MAKE)
configure:2337: result: yes
configure:2366: checking whether make supports nested variables
configure:2383: result: yes
configure:2510: checking whether to enable maintainer-specific portions of Makefiles
configure:2519: result: no
configure:2563: checking for riscv64-unknown-elf-gcc
configure:2579: found /home/yon/Downloads/FreedomStudio-2019-08-2-lin64/SiFive/riscv64-unknown-elf-gcc-8.3.0-2019.08.0/bin/riscv64-unknown-elf-gcc
configure:2590: result: riscv64-unknown-elf-gcc
configure:2859: checking for C compiler version
configure:2868: riscv64-unknown-elf-gcc --version >&5
riscv64-unknown-elf-gcc (SiFive GCC 8.3.0-2019.08.0) 8.3.0
Copyright (C) 2018 Free Software Foundation, Inc.
This is free software; see the source for copying conditions.  There is NO
warranty; not even for MERCHANTABILITY or FITNESS FOR A PARTICULAR PURPOSE.

configure:2879: $? = 0
configure:2868: riscv64-unknown-elf-gcc -v >&5
Using built-in specs.
COLLECT_GCC=riscv64-unknown-elf-gcc
COLLECT_LTO_WRAPPER=/home/yon/Downloads/FreedomStudio-2019-08-2-lin64/SiFive/riscv64-unknown-elf-gcc-8.3.0-2019.08.0/bin/../libexec/gcc/riscv64-unknown-elf/8.3.0/lto-wrapper
Target: riscv64-unknown-elf
Configured with: /var/lib/builds/sifive-tools/freedom-tools-master/obj/x86_64-linux-centos6/build/riscv-gnu-toolchain/riscv-gcc/configure --target=riscv64-unknown-elf --prefix=/var/lib/builds/sifive-tools/freedom-tools-master/obj/x86_64-linux-centos6/install/riscv64-unknown-elf-gcc-8.3.0-2019.08.0-x86_64-linux-centos6 --with-pkgversion='SiFive GCC 8.3.0-2019.08.0' --with-bugurl=https://github.com/sifive/freedom-tools/issues --disable-shared --disable-threads --enable-languages=c,c++ --enable-tls --with-newlib --with-sysroot=/var/lib/builds/sifive-tools/freedom-tools-master/obj/x86_64-linux-centos6/install/riscv64-unknown-elf-gcc-8.3.0-2019.08.0-x86_64-linux-centos6/riscv64-unknown-elf --with-native-system-header-dir=/include --disable-libmudflap --disable-libssp --disable-libquadmath --disable-libgomp --disable-nls --disable-tm-clone-registry --src=../riscv-gcc --with-system-zlib --enable-checking=yes --enable-multilib --with-abi=lp64d --with-arch=rv64imafdc CFLAGS=-O2 CXXFLAGS=-O2 'CFLAGS_FOR_TARGET=-Os  -mcmodel=medany' 'CXXFLAGS_FOR_TARGET=-Os  -mcmodel=medany'
Thread model: single
gcc version 8.3.0 (SiFive GCC 8.3.0-2019.08.0) 
configure:2879: $? = 0
configure:2868: riscv64-unknown-elf-gcc -V >&5
riscv64-unknown-elf-gcc: error: unrecognized command line option '-V'
riscv64-unknown-elf-gcc: fatal error: no input files
compilation terminated.
configure:2879: $? = 1
configure:2868: riscv64-unknown-elf-gcc -qversion >&5
riscv64-unknown-elf-gcc: error: unrecognized command line option '-qversion'; did you mean '--version'?
riscv64-unknown-elf-gcc: fatal error: no input files
compilation terminated.
configure:2879: $? = 1
configure:2899: checking whether the C compiler works
configure:2921: riscv64-unknown-elf-gcc -march=rv32imac -mabi=ilp32 -mcmodel=medlow -ffunction-sections -fdata-sections -I/home/yon/wsFreedomStudio/GiveMe5/bsp/install/include --specs=nano.specs -O0 -g   conftest.c  >&5
configure:2925: $? = 0
configure:2973: result: yes
configure:2976: checking for C compiler default output file name
configure:2978: result: a.out
configure:2984: checking for suffix of executables
configure:2991: riscv64-unknown-elf-gcc -o conftest -march=rv32imac -mabi=ilp32 -mcmodel=medlow -ffunction-sections -fdata-sections -I/home/yon/wsFreedomStudio/GiveMe5/bsp/install/include --specs=nano.specs -O0 -g   conftest.c  >&5
configure:2995: $? = 0
configure:3017: result: 
configure:3039: checking whether we are cross compiling
configure:3047: riscv64-unknown-elf-gcc -o conftest -march=rv32imac -mabi=ilp32 -mcmodel=medlow -ffunction-sections -fdata-sections -I/home/yon/wsFreedomStudio/GiveMe5/bsp/install/include --specs=nano.specs -O0 -g   conftest.c  >&5
configure:3051: $? = 0
configure:3058: ./conftest
/home/yon/wsFreedomStudio/GiveMe5/freedom-metal/configure: line 3060:  5346 Segmentation fault      (core dumped) ./conftest$ac_cv_exeext
configure:3062: $? = 139
configure:3077: result: yes
configure:3082: checking for suffix of object files
configure:3104: riscv64-unknown-elf-gcc -c -march=rv32imac -mabi=ilp32 -mcmodel=medlow -ffunction-sections -fdata-sections -I/home/yon/wsFreedomStudio/GiveMe5/bsp/install/include --specs=nano.specs -O0 -g  conftest.c >&5
configure:3108: $? = 0
configure:3129: result: o
configure:3133: checking whether we are using the GNU C compiler
configure:3152: riscv64-unknown-elf-gcc -c -march=rv32imac -mabi=ilp32 -mcmodel=medlow -ffunction-sections -fdata-sections -I/home/yon/wsFreedomStudio/GiveMe5/bsp/install/include --specs=nano.specs -O0 -g  conftest.c >&5
configure:3152: $? = 0
configure:3161: result: yes
configure:3170: checking whether riscv64-unknown-elf-gcc accepts -g
configure:3190: riscv64-unknown-elf-gcc -c -g  conftest.c >&5
configure:3190: $? = 0
configure:3231: result: yes
configure:3248: checking for riscv64-unknown-elf-gcc option to accept ISO C89
configure:3311: riscv64-unknown-elf-gcc  -c -march=rv32imac -mabi=ilp32 -mcmodel=medlow -ffunction-sections -fdata-sections -I/home/yon/wsFreedomStudio/GiveMe5/bsp/install/include --specs=nano.specs -O0 -g  conftest.c >&5
configure:3311: $? = 0
configure:3324: result: none needed
configure:3349: checking whether riscv64-unknown-elf-gcc understands -c and -o together
configure:3371: riscv64-unknown-elf-gcc -c conftest.c -o conftest2.o
configure:3374: $? = 0
configure:3371: riscv64-unknown-elf-gcc -c conftest.c -o conftest2.o
configure:3374: $? = 0
configure:3386: result: yes
configure:3414: checking for style of include used by make
configure:3442: result: GNU
configure:3468: checking dependency style of riscv64-unknown-elf-gcc
configure:3579: result: gcc3
configure:3597: checking for riscv64-unknown-elf-ranlib
configure:3613: found /home/yon/Downloads/FreedomStudio-2019-08-2-lin64/SiFive/riscv64-unknown-elf-gcc-8.3.0-2019.08.0/bin/riscv64-unknown-elf-ranlib
configure:3624: result: riscv64-unknown-elf-ranlib
configure:3692: checking for riscv64-unknown-elf-ar
configure:3708: found /home/yon/Downloads/FreedomStudio-2019-08-2-lin64/SiFive/riscv64-unknown-elf-gcc-8.3.0-2019.08.0/bin/riscv64-unknown-elf-ar
configure:3719: result: riscv64-unknown-elf-ar
configure:3789: checking the archiver (riscv64-unknown-elf-ar) interface
configure:3805: riscv64-unknown-elf-gcc -c -march=rv32imac -mabi=ilp32 -mcmodel=medlow -ffunction-sections -fdata-sections -I/home/yon/wsFreedomStudio/GiveMe5/bsp/install/include --specs=nano.specs -O0 -g  conftest.c >&5
configure:3805: $? = 0
configure:3807: riscv64-unknown-elf-ar cru libconftest.a conftest.o >&5
configure:3810: $? = 0
configure:3838: result: ar
configure:3867: checking dependency style of riscv64-unknown-elf-gcc
configure:3976: result: gcc3
configure:4012: riscv64-unknown-elf-gcc -c -march=rv32imac -mabi=ilp32 -mcmodel=medlow -ffunction-sections -fdata-sections -I/home/yon/wsFreedomStudio/GiveMe5/bsp/install/include --specs=nano.specs -O0 -g  conftest.c >&5
configure:4012: $? = 0
configure:4574: checking whether C compiler accepts mmachine=
configure:4593: riscv64-unknown-elf-gcc -c -march=rv32imac -mabi=ilp32 -mcmodel=medlow -ffunction-sections -fdata-sections -I/home/yon/wsFreedomStudio/GiveMe5/bsp/install/include --specs=nano.specs -O0 -g  mmachine=  conftest.c >&5
riscv64-unknown-elf-gcc: error: mmachine=: No such file or directory
configure:4593: $? = 1
configure: failed program was:
| /* confdefs.h */
| #define PACKAGE_NAME "freedom-metal"
| #define PACKAGE_TARNAME "freedom-metal"
| #define PACKAGE_VERSION "v0.1.2"
| #define PACKAGE_STRING "freedom-metal v0.1.2"
| #define PACKAGE_BUGREPORT "https://github.com/sifive/freedom-metal/issues"
| #define PACKAGE_URL "https://github.com/sifive/freedom-metal"
| #define PACKAGE "freedom-metal"
| #define VERSION "v0.1.2"
| /* end confdefs.h.  */
| 
| int
| main ()
| {
| 
|   ;
|   return 0;
| }
configure:4602: result: no
configure:4614: checking whether C compiler accepts menv=metal
configure:4633: riscv64-unknown-elf-gcc -c -march=rv32imac -mabi=ilp32 -mcmodel=medlow -ffunction-sections -fdata-sections -I/home/yon/wsFreedomStudio/GiveMe5/bsp/install/include --specs=nano.specs -O0 -g  menv=metal  conftest.c >&5
riscv64-unknown-elf-gcc: error: menv=metal: No such file or directory
configure:4633: $? = 1
configure: failed program was:
| /* confdefs.h */
| #define PACKAGE_NAME "freedom-metal"
| #define PACKAGE_TARNAME "freedom-metal"
| #define PACKAGE_VERSION "v0.1.2"
| #define PACKAGE_STRING "freedom-metal v0.1.2"
| #define PACKAGE_BUGREPORT "https://github.com/sifive/freedom-metal/issues"
| #define PACKAGE_URL "https://github.com/sifive/freedom-metal"
| #define PACKAGE "freedom-metal"
| #define VERSION "v0.1.2"
| /* end confdefs.h.  */
| 
| int
| main ()
| {
| 
|   ;
|   return 0;
| }
configure:4641: result: no
configure:4794: checking that generated files are newer than configure
configure:4800: result: done
configure:4839: creating ./config.status

## ---------------------- ##
## Running config.status. ##
## ---------------------- ##

This file was extended by freedom-metal config.status v0.1.2, which was
generated by GNU Autoconf 2.69.  Invocation command line was

  CONFIG_FILES    = 
  CONFIG_HEADERS  = 
  CONFIG_LINKS    = 
  CONFIG_COMMANDS = 
  $ ./config.status 

on fedora

config.status:806: creating Makefile
config.status:963: executing depfiles commands

## ---------------- ##
## Cache variables. ##
## ---------------- ##

ac_cv_c_compiler_gnu=yes
ac_cv_env_BARE_HEADER_GENERATOR_set=
ac_cv_env_BARE_HEADER_GENERATOR_value=
ac_cv_env_CCASFLAGS_set=
ac_cv_env_CCASFLAGS_value=
ac_cv_env_CCAS_set=
ac_cv_env_CCAS_value=
ac_cv_env_CC_set=
ac_cv_env_CC_value=
ac_cv_env_CFLAGS_set=set
ac_cv_env_CFLAGS_value='-march=rv32imac -mabi=ilp32 -mcmodel=medlow -ffunction-sections -fdata-sections -I/home/yon/wsFreedomStudio/GiveMe5/bsp/install/include --specs=nano.specs -O0 -g'
ac_cv_env_CPPFLAGS_set=
ac_cv_env_CPPFLAGS_value=
ac_cv_env_DTC_set=
ac_cv_env_DTC_value=
ac_cv_env_LDFLAGS_set=
ac_cv_env_LDFLAGS_value=
ac_cv_env_LDSCRIPT_GENERATOR_set=
ac_cv_env_LDSCRIPT_GENERATOR_value=
ac_cv_env_LIBS_set=
ac_cv_env_LIBS_value=
ac_cv_env_MAKEATTRIBUTES_GENERATOR_set=
ac_cv_env_MAKEATTRIBUTES_GENERATOR_value=
ac_cv_env_METAL_HEADER_GENERATOR_set=
ac_cv_env_METAL_HEADER_GENERATOR_value=
ac_cv_env_SPECS_GENERATOR_set=
ac_cv_env_SPECS_GENERATOR_value=
ac_cv_env_build_alias_set=
ac_cv_env_build_alias_value=
ac_cv_env_host_alias_set=set
ac_cv_env_host_alias_value=riscv64-unknown-elf
ac_cv_env_target_alias_set=
ac_cv_env_target_alias_value=
ac_cv_objext=o
ac_cv_path_install='/usr/bin/install -c'
ac_cv_path_mkdir=/usr/bin/mkdir
ac_cv_prog_AR=riscv64-unknown-elf-ar
ac_cv_prog_AWK=gawk
ac_cv_prog_CC=riscv64-unknown-elf-gcc
ac_cv_prog_RANLIB=riscv64-unknown-elf-ranlib
ac_cv_prog_STRIP=riscv64-unknown-elf-strip
ac_cv_prog_cc_c89=
ac_cv_prog_cc_g=yes
ac_cv_prog_make_make_set=yes
am_cv_CCAS_dependencies_compiler_type=gcc3
am_cv_CC_dependencies_compiler_type=gcc3
am_cv_ar_interface=ar
am_cv_make_support_nested_variables=yes
am_cv_prog_cc_c_o=yes
ax_cv_check_cflags__menv_metal=no
ax_cv_check_cflags__mmachine_=no

## ----------------- ##
## Output variables. ##
## ----------------- ##

ACLOCAL='${SHELL} /home/yon/wsFreedomStudio/GiveMe5/freedom-metal/missing aclocal-1.15'
AMDEPBACKSLASH='\'
AMDEP_FALSE='#'
AMDEP_TRUE=''
AMTAR='$${TAR-tar}'
AM_BACKSLASH='\'
AM_DEFAULT_V='$(AM_DEFAULT_VERBOSITY)'
AM_DEFAULT_VERBOSITY='1'
AM_V='$(V)'
AR='riscv64-unknown-elf-ar'
AUTOCONF='${SHELL} /home/yon/wsFreedomStudio/GiveMe5/freedom-metal/missing autoconf'
AUTOHEADER='${SHELL} /home/yon/wsFreedomStudio/GiveMe5/freedom-metal/missing autoheader'
AUTOMAKE='${SHELL} /home/yon/wsFreedomStudio/GiveMe5/freedom-metal/missing automake-1.15'
AWK='gawk'
BARE_HEADER_GENERATOR=''
CC='riscv64-unknown-elf-gcc'
CCAS='riscv64-unknown-elf-gcc'
CCASDEPMODE='depmode=gcc3'
CCASFLAGS='-march=rv32imac -mabi=ilp32 -mcmodel=medlow -ffunction-sections -fdata-sections -I/home/yon/wsFreedomStudio/GiveMe5/bsp/install/include --specs=nano.specs -O0 -g'
CCDEPMODE='depmode=gcc3'
CFLAGS='-march=rv32imac -mabi=ilp32 -mcmodel=medlow -ffunction-sections -fdata-sections -I/home/yon/wsFreedomStudio/GiveMe5/bsp/install/include --specs=nano.specs -O0 -g'
CPPFLAGS=''
CYGPATH_W='echo'
DEFS='-DPACKAGE_NAME=\"freedom-metal\" -DPACKAGE_TARNAME=\"freedom-metal\" -DPACKAGE_VERSION=\"v0.1.2\" -DPACKAGE_STRING=\"freedom-metal\ v0.1.2\" -DPACKAGE_BUGREPORT=\"https://github.com/sifive/freedom-metal/issues\" -DPACKAGE_URL=\"https://github.com/sifive/freedom-metal\" -DPACKAGE=\"freedom-metal\" -DVERSION=\"v0.1.2\"'
DEPDIR='.deps'
DTC=''
ECHO_C=''
ECHO_N='-n'
ECHO_T=''
EXEEXT=''
INSTALL_DATA='${INSTALL} -m 644'
INSTALL_PROGRAM='${INSTALL}'
INSTALL_SCRIPT='${INSTALL}'
INSTALL_STRIP_PROGRAM='$(install_sh) -c -s'
LDFLAGS=''
LDSCRIPT_GENERATOR=''
LIBOBJS=''
LIBS=''
LTLIBOBJS=''
MACHINE_DTS=''
MACHINE_HEADER='/home/yon/wsFreedomStudio/GiveMe5/bsp/metal.h'
MACHINE_INLINE='/home/yon/wsFreedomStudio/GiveMe5/bsp/metal-inline.h'
MACHINE_LDSCRIPT='/home/yon/wsFreedomStudio/GiveMe5/bsp/metal.default.lds'
MACHINE_NAME='sifive-hifive1-revb'
MAINT='#'
MAINTAINER_MODE_FALSE=''
MAINTAINER_MODE_TRUE='#'
MAKEATTRIBUTES_GENERATOR='false'
MAKEINFO='${SHELL} /home/yon/wsFreedomStudio/GiveMe5/freedom-metal/missing makeinfo'
MENV_METAL='-lriscv_metal_'
METAL_HEADER_GENERATOR=''
MKDIR_P='/usr/bin/mkdir -p'
MMACHINE_MACHINE_NAME=''
OBJEXT='o'
PACKAGE='freedom-metal'
PACKAGE_BUGREPORT='https://github.com/sifive/freedom-metal/issues'
PACKAGE_NAME='freedom-metal'
PACKAGE_STRING='freedom-metal v0.1.2'
PACKAGE_TARNAME='freedom-metal'
PACKAGE_URL='https://github.com/sifive/freedom-metal'
PACKAGE_VERSION='v0.1.2'
PATH_SEPARATOR=':'
PLATFORM_HEADER='/home/yon/wsFreedomStudio/GiveMe5/bsp/metal-platform.h'
PRECONFIGURED_FALSE='#'
PRECONFIGURED_TRUE=''
RANLIB='riscv64-unknown-elf-ranlib'
SET_MAKE=''
SHELL='/bin/sh'
SPECS_GENERATOR='false'
STRIP='riscv64-unknown-elf-strip'
VERSION='v0.1.2'
WITH_BUILTIN_LIBGLOSS_FALSE='#'
WITH_BUILTIN_LIBGLOSS_TRUE=''
ac_ct_AR=''
ac_ct_CC=''
am__EXEEXT_FALSE=''
am__EXEEXT_TRUE='#'
am__fastdepCCAS_FALSE='#'
am__fastdepCCAS_TRUE=''
am__fastdepCC_FALSE='#'
am__fastdepCC_TRUE=''
am__include='include'
am__isrc=' -I$(srcdir)'
am__leading_dot='.'
am__nodep='_no'
am__quote=''
am__tar='$${TAR-tar} chof - "$$tardir"'
am__untar='$${TAR-tar} xf -'
bindir='${exec_prefix}/bin'
build_alias=''
datadir='${datarootdir}'
datarootdir='${prefix}/share'
docdir='${datarootdir}/doc/${PACKAGE_TARNAME}'
dvidir='${docdir}'
exec_prefix='${prefix}'
host_alias='riscv64-unknown-elf'
htmldir='${docdir}'
includedir='${prefix}/include'
infodir='${datarootdir}/info'
install_sh='${SHELL} /home/yon/wsFreedomStudio/GiveMe5/freedom-metal/install-sh'
libdir='/home/yon/wsFreedomStudio/GiveMe5/bsp/install/lib/debug'
libexecdir='${exec_prefix}/libexec'
localedir='${datarootdir}/locale'
localstatedir='${prefix}/var'
mandir='${datarootdir}/man'
mkdir_p='$(MKDIR_P)'
oldincludedir='/usr/include'
pdfdir='${docdir}'
prefix='/home/yon/wsFreedomStudio/GiveMe5/bsp/install'
program_transform_name='s,x,x,'
psdir='${docdir}'
runstatedir='${localstatedir}/run'
sbindir='${exec_prefix}/sbin'
sharedstatedir='${prefix}/com'
sysconfdir='${prefix}/etc'
target_alias=''

## ----------- ##
## confdefs.h. ##
## ----------- ##

/* confdefs.h */
#define PACKAGE_NAME "freedom-metal"
#define PACKAGE_TARNAME "freedom-metal"
#define PACKAGE_VERSION "v0.1.2"
#define PACKAGE_STRING "freedom-metal v0.1.2"
#define PACKAGE_BUGREPORT "https://github.com/sifive/freedom-metal/issues"
#define PACKAGE_URL "https://github.com/sifive/freedom-metal"
#define PACKAGE "freedom-metal"
#define VERSION "v0.1.2"

configure: exit 0
